\BOOKMARK [1][-]{section.1}{Communication Mechanisms}{}% 1
\BOOKMARK [2][-]{subsection.1.1}{Middleware}{section.1}% 2
\BOOKMARK [2][-]{subsection.1.2}{Coordinazione diretta}{section.1}% 3
\BOOKMARK [2][-]{subsection.1.3}{Remote Procedure Call}{section.1}% 4
\BOOKMARK [3][-]{subsubsection.1.3.1}{Passaggio di parametri}{subsection.1.3}% 5
\BOOKMARK [3][-]{subsubsection.1.3.2}{Implementare RPC}{subsection.1.3}% 6
\BOOKMARK [3][-]{subsubsection.1.3.3}{RPC Asincrono}{subsection.1.3}% 7
\BOOKMARK [3][-]{subsubsection.1.3.4}{Binding}{subsection.1.3}% 8
\BOOKMARK [2][-]{subsection.1.4}{Message Oriented Middleware}{section.1}% 9
\BOOKMARK [3][-]{subsubsection.1.4.1}{Queue Manager}{subsection.1.4}% 10
\BOOKMARK [3][-]{subsubsection.1.4.2}{Eterogeneità: Message Brokers}{subsection.1.4}% 11
\BOOKMARK [2][-]{subsection.1.5}{Java RMI}{section.1}% 12
\BOOKMARK [2][-]{subsection.1.6}{gRPC}{section.1}% 13
\BOOKMARK [1][-]{section.2}{Basic distributed algorithms}{}% 14
\BOOKMARK [2][-]{subsection.2.1}{Contesto}{section.2}% 15
\BOOKMARK [3][-]{subsubsection.2.1.1}{Assiomi}{subsection.2.1}% 16
\BOOKMARK [3][-]{subsubsection.2.1.2}{Restrizioni}{subsection.2.1}% 17
\BOOKMARK [3][-]{subsubsection.2.1.3}{Tempo ed Eventi}{subsection.2.1}% 18
\BOOKMARK [3][-]{subsubsection.2.1.4}{Livelli di Conoscenza}{subsection.2.1}% 19
\BOOKMARK [2][-]{subsection.2.2}{Broadcast}{section.2}% 20
\BOOKMARK [3][-]{subsubsection.2.2.1}{Flooding}{subsection.2.2}% 21
\BOOKMARK [2][-]{subsection.2.3}{Flooding in reti con caratteristiche particolari}{section.2}% 22
\BOOKMARK [3][-]{subsubsection.2.3.1}{Broadcast in un Hypercube}{subsection.2.3}% 23
\BOOKMARK [3][-]{subsubsection.2.3.2}{Broadcast in un grafo completo}{subsection.2.3}% 24
\BOOKMARK [3][-]{subsubsection.2.3.3}{Lower bound}{subsection.2.3}% 25
\BOOKMARK [2][-]{subsection.2.4}{Spanning tree construction}{section.2}% 26
