\BOOKMARK [1][-]{section.1}{Riassunto}{}% 1
\BOOKMARK [2][-]{subsection.1.1}{Introduzione e motivazioni}{section.1}% 2
\BOOKMARK [2][-]{subsection.1.2}{Soggetto ed aspetti etici}{section.1}% 3
\BOOKMARK [2][-]{subsection.1.3}{Hardware e scelta dei sensori}{section.1}% 4
\BOOKMARK [2][-]{subsection.1.4}{Protocollo di raccolta dei dati}{section.1}% 5
\BOOKMARK [2][-]{subsection.1.5}{Analisi dei dati}{section.1}% 6
\BOOKMARK [3][-]{subsubsection.1.5.1}{Metodi di pre-processing}{subsection.1.5}% 7
\BOOKMARK [3][-]{subsubsection.1.5.2}{Input della rete neurale}{subsection.1.5}% 8
\BOOKMARK [2][-]{subsection.1.6}{Tarta net activity recognition system}{section.1}% 9
\BOOKMARK [3][-]{subsubsection.1.6.1}{Modello di machine learning per TartaNet}{subsection.1.6}% 10
\BOOKMARK [3][-]{subsubsection.1.6.2}{Input Delay Neural Network}{subsection.1.6}% 11
\BOOKMARK [3][-]{subsubsection.1.6.3}{Local Receptive Field \(LRF\)}{subsection.1.6}% 12
\BOOKMARK [3][-]{subsubsection.1.6.4}{Output Filter}{subsection.1.6}% 13
\BOOKMARK [2][-]{subsection.1.7}{Risultati e discussione}{section.1}% 14
\BOOKMARK [3][-]{subsubsection.1.7.1}{Validazione del modello}{subsection.1.7}% 15
\BOOKMARK [3][-]{subsubsection.1.7.2}{Performance analysis}{subsection.1.7}% 16
\BOOKMARK [3][-]{subsubsection.1.7.3}{Analisi di applicabilità}{subsection.1.7}% 17
\BOOKMARK [2][-]{subsection.1.8}{Il sistema Tortoise@}{section.1}% 18
\BOOKMARK [2][-]{subsection.1.9}{Conclusioni}{section.1}% 19
\BOOKMARK [1][-]{section.2}{Obiettivo}{}% 20
\BOOKMARK [1][-]{section.3}{Motivazioni}{}% 21
\BOOKMARK [1][-]{section.4}{Struttura}{}% 22
\BOOKMARK [1][-]{section.5}{Critiche}{}% 23
\BOOKMARK [1][-]{section.6}{Commento}{}% 24
